This is pdfTeX, Version 3.14159265-2.6-1.40.17 (TeX Live 2016/Debian) (preloaded format=pdflatex 2017.5.31)  1 JUN 2017 10:10
entering extended mode
 \write18 enabled.
 file:line:error style messages enabled.
 %&-line parsing enabled.
**certificates.tex
(/home/xehivs/dev/idendifiers/certificates.tex
LaTeX2e <2017/01/01> patch level 3
Babel <3.9r> and hyphenation patterns for 3 language(s) loaded.
(/usr/share/texlive/texmf-dist/tex/latex/base/article.cls
Document Class: article 2014/09/29 v1.4h Standard LaTeX document class
(/usr/share/texlive/texmf-dist/tex/latex/base/size10.clo
File: size10.clo 2014/09/29 v1.4h Standard LaTeX file (size option)
)
\c@part=\count79
\c@section=\count80
\c@subsection=\count81
\c@subsubsection=\count82
\c@paragraph=\count83
\c@subparagraph=\count84
\c@figure=\count85
\c@table=\count86
\abovecaptionskip=\skip41
\belowcaptionskip=\skip42
\bibindent=\dimen102
) (/home/xehivs/texmf/tex/latex/ticket/ticket.sty
Package: ticket 2016/10/11 v0.4d

Package: `ticket' v0.4d <2016/10/11> (Thomas Emmel)
(/usr/share/texlive/texmf-dist/tex/latex/base/ifthen.sty
Package: ifthen 2014/09/29 v1.1c Standard LaTeX ifthen package (DPC)
) (/usr/share/texlive/texmf-dist/tex/latex/tools/calc.sty
Package: calc 2014/10/28 v4.3 Infix arithmetic (KKT,FJ)
\calc@Acount=\count87
\calc@Bcount=\count88
\calc@Adimen=\dimen103
\calc@Bdimen=\dimen104
\calc@Askip=\skip43
\calc@Bskip=\skip44
LaTeX Info: Redefining \setlength on input line 80.
LaTeX Info: Redefining \addtolength on input line 81.
\calc@Ccount=\count89
\calc@Cskip=\skip45
)
\c@ticket@x=\count90
\c@ticket@y=\count91
\c@ticket@num@X=\count92
\c@ticket@num@Y=\count93
\ticketWidth=\dimen105
\ticketHeight=\dimen106
\ticket@dis@X=\dimen107
\ticket@dis@Y=\dimen108

load freepin.tdf
(/home/xehivs/texmf/tex/latex/ticket/freepin.tdf)
\ticket@shift@x=\dimen109
\ticket@shift@y=\dimen110
\back@shift=\dimen111
\c@ticket@skipped=\count94
) (/usr/share/texlive/texmf-dist/tex/latex/graphics/graphicx.sty
Package: graphicx 2014/10/28 v1.0g Enhanced LaTeX Graphics (DPC,SPQR)
 (/usr/share/texlive/texmf-dist/tex/latex/graphics/keyval.sty
Package: keyval 2014/10/28 v1.15 key=value parser (DPC)
\KV@toks@=\toks14
) (/usr/share/texlive/texmf-dist/tex/latex/graphics/graphics.sty
Package: graphics 2016/10/09 v1.0u Standard LaTeX Graphics (DPC,SPQR)
 (/usr/share/texlive/texmf-dist/tex/latex/graphics/trig.sty
Package: trig 2016/01/03 v1.10 sin cos tan (DPC)
) (/usr/share/texlive/texmf-dist/tex/latex/graphics-cfg/graphics.cfg
File: graphics.cfg 2016/06/04 v1.11 sample graphics configuration
)
Package graphics Info: Driver file: pdftex.def on input line 99.
 (/usr/share/texlive/texmf-dist/tex/latex/graphics-def/pdftex.def
File: pdftex.def 2017/01/12 v0.06k Graphics/color for pdfTeX
 (/usr/share/texlive/texmf-dist/tex/generic/oberdiek/infwarerr.sty
Package: infwarerr 2016/05/16 v1.4 Providing info/warning/error messages (HO)
) (/usr/share/texlive/texmf-dist/tex/generic/oberdiek/ltxcmds.sty
Package: ltxcmds 2016/05/16 v1.23 LaTeX kernel commands for general use (HO)
)
\Gread@gobject=\count95
))
\Gin@req@height=\dimen112
\Gin@req@width=\dimen113
) (/home/xehivs/texmf/tex/latex/etoolbox/etoolbox.sty
Package: etoolbox 2017/01/02 v2.4 e-TeX tools for LaTeX (JAW)
\etb@tempcnta=\count96
) (/home/xehivs/texmf/tex/latex/csvsimple/csvsimple.sty
Package: csvsimple 2016/07/01 version 1.20 LaTeX CSV file processing
 (/home/xehivs/texmf/tex/latex/pgf/utilities/pgfkeys.sty (/home/xehivs/texmf/tex/generic/pgf/utilities/pgfkeys.code.tex
\pgfkeys@pathtoks=\toks15
\pgfkeys@temptoks=\toks16
 (/home/xehivs/texmf/tex/generic/pgf/utilities/pgfkeysfiltered.code.tex
\pgfkeys@tmptoks=\toks17
))) (/usr/share/texlive/texmf-dist/tex/latex/tools/shellesc.sty
Package: shellesc 2016/06/07 v0.02a unified shell escape interface for LaTeX
Package shellesc Info: Unrestricted shell escape enabled on input line 67.
)
\csv@file=\read1
\c@csvinputline=\count97
\c@csvrow=\count98
\c@csvcol=\count99
\csv@out=\write3
) (/usr/share/texlive/texmf-dist/tex/latex/graphics/color.sty
Package: color 2016/07/10 v1.1e Standard LaTeX Color (DPC)

(/usr/share/texlive/texmf-dist/tex/latex/graphics-cfg/color.cfg
File: color.cfg 2016/01/02 v1.6 sample color configuration
)
Package color Info: Driver file: pdftex.def on input line 147.
) (/home/xehivs/texmf/tex/latex/pgf/frontendlayer/tikz.sty (/home/xehivs/texmf/tex/latex/pgf/basiclayer/pgf.sty (/home/xehivs/texmf/tex/latex/pgf/utilities/pgfrcs.sty (/home/xehivs/texmf/tex/generic/pgf/utilities/pgfutil-common.tex
\pgfutil@everybye=\toks18
\pgfutil@tempdima=\dimen114
\pgfutil@tempdimb=\dimen115
 (/home/xehivs/texmf/tex/generic/pgf/utilities/pgfutil-common-lists.tex)) (/home/xehivs/texmf/tex/generic/pgf/utilities/pgfutil-latex.def
\pgfutil@abb=\box26
 (/usr/share/texlive/texmf-dist/tex/latex/ms/everyshi.sty
Package: everyshi 2001/05/15 v3.00 EveryShipout Package (MS)
)) (/home/xehivs/texmf/tex/generic/pgf/utilities/pgfrcs.code.tex
Package: pgfrcs 2015/08/07 v3.0.1a (rcs-revision 1.31)
))
Package: pgf 2015/08/07 v3.0.1a (rcs-revision 1.15)
 (/home/xehivs/texmf/tex/latex/pgf/basiclayer/pgfcore.sty (/home/xehivs/texmf/tex/latex/pgf/systemlayer/pgfsys.sty (/home/xehivs/texmf/tex/generic/pgf/systemlayer/pgfsys.code.tex
Package: pgfsys 2014/07/09 v3.0.1a (rcs-revision 1.48)
 (/home/xehivs/texmf/tex/generic/pgf/utilities/pgfkeys.code.tex)
\pgf@x=\dimen116
\pgf@y=\dimen117
\pgf@xa=\dimen118
\pgf@ya=\dimen119
\pgf@xb=\dimen120
\pgf@yb=\dimen121
\pgf@xc=\dimen122
\pgf@yc=\dimen123
\w@pgf@writea=\write4
\r@pgf@reada=\read2
\c@pgf@counta=\count100
\c@pgf@countb=\count101
\c@pgf@countc=\count102
\c@pgf@countd=\count103
\t@pgf@toka=\toks19
\t@pgf@tokb=\toks20
\t@pgf@tokc=\toks21
 (/home/xehivs/texmf/tex/generic/pgf/systemlayer/pgf.cfg
File: pgf.cfg 2008/05/14  (rcs-revision 1.7)
)
Driver file for pgf: pgfsys-pdftex.def
 (/home/xehivs/texmf/tex/generic/pgf/systemlayer/pgfsys-pdftex.def
File: pgfsys-pdftex.def 2014/10/11  (rcs-revision 1.35)
 (/home/xehivs/texmf/tex/generic/pgf/systemlayer/pgfsys-common-pdf.def
File: pgfsys-common-pdf.def 2013/10/10  (rcs-revision 1.13)
)))
(/home/xehivs/texmf/tex/generic/pgf/systemlayer/pgfsyssoftpath.code.tex
File: pgfsyssoftpath.code.tex 2013/09/09  (rcs-revision 1.9)
\pgfsyssoftpath@smallbuffer@items=\count104
\pgfsyssoftpath@bigbuffer@items=\count105
) (/home/xehivs/texmf/tex/generic/pgf/systemlayer/pgfsysprotocol.code.tex
File: pgfsysprotocol.code.tex 2006/10/16  (rcs-revision 1.4)
)) (/usr/share/texlive/texmf-dist/tex/latex/xcolor/xcolor.sty
Package: xcolor 2016/05/11 v2.12 LaTeX color extensions (UK)
 (/usr/share/texlive/texmf-dist/tex/latex/graphics-cfg/color.cfg
File: color.cfg 2016/01/02 v1.6 sample color configuration
)
Package xcolor Info: Driver file: pdftex.def on input line 225.
LaTeX Info: Redefining \color on input line 709.
Package xcolor Info: Model `cmy' substituted by `cmy0' on input line 1348.
Package xcolor Info: Model `hsb' substituted by `rgb' on input line 1352.
Package xcolor Info: Model `RGB' extended on input line 1364.
Package xcolor Info: Model `HTML' substituted by `rgb' on input line 1366.
Package xcolor Info: Model `Hsb' substituted by `hsb' on input line 1367.
Package xcolor Info: Model `tHsb' substituted by `hsb' on input line 1368.
Package xcolor Info: Model `HSB' substituted by `hsb' on input line 1369.
Package xcolor Info: Model `Gray' substituted by `gray' on input line 1370.
Package xcolor Info: Model `wave' substituted by `hsb' on input line 1371.
) (/home/xehivs/texmf/tex/generic/pgf/basiclayer/pgfcore.code.tex
Package: pgfcore 2010/04/11 v3.0.1a (rcs-revision 1.7)
 (/home/xehivs/texmf/tex/generic/pgf/math/pgfmath.code.tex (/home/xehivs/texmf/tex/generic/pgf/math/pgfmathcalc.code.tex (/home/xehivs/texmf/tex/generic/pgf/math/pgfmathutil.code.tex) (/home/xehivs/texmf/tex/generic/pgf/math/pgfmathparser.code.tex
\pgfmath@dimen=\dimen124
\pgfmath@count=\count106
\pgfmath@box=\box27
\pgfmath@toks=\toks22
\pgfmath@stack@operand=\toks23
\pgfmath@stack@operation=\toks24
) (/home/xehivs/texmf/tex/generic/pgf/math/pgfmathfunctions.code.tex (/home/xehivs/texmf/tex/generic/pgf/math/pgfmathfunctions.basic.code.tex) (/home/xehivs/texmf/tex/generic/pgf/math/pgfmathfunctions.trigonometric.code.tex) (/home/xehivs/texmf/tex/generic/pgf/math/pgfmathfunctions.random.code.tex) (/home/xehivs/texmf/tex/generic/pgf/math/pgfmathfunctions.comparison.code.tex)
(/home/xehivs/texmf/tex/generic/pgf/math/pgfmathfunctions.base.code.tex) (/home/xehivs/texmf/tex/generic/pgf/math/pgfmathfunctions.round.code.tex) (/home/xehivs/texmf/tex/generic/pgf/math/pgfmathfunctions.misc.code.tex) (/home/xehivs/texmf/tex/generic/pgf/math/pgfmathfunctions.integerarithmetics.code.tex))) (/home/xehivs/texmf/tex/generic/pgf/math/pgfmathfloat.code.tex
\c@pgfmathroundto@lastzeros=\count107
)) (/home/xehivs/texmf/tex/generic/pgf/basiclayer/pgfcorepoints.code.tex
File: pgfcorepoints.code.tex 2013/10/07  (rcs-revision 1.27)
\pgf@picminx=\dimen125
\pgf@picmaxx=\dimen126
\pgf@picminy=\dimen127
\pgf@picmaxy=\dimen128
\pgf@pathminx=\dimen129
\pgf@pathmaxx=\dimen130
\pgf@pathminy=\dimen131
\pgf@pathmaxy=\dimen132
\pgf@xx=\dimen133
\pgf@xy=\dimen134
\pgf@yx=\dimen135
\pgf@yy=\dimen136
\pgf@zx=\dimen137
\pgf@zy=\dimen138
) (/home/xehivs/texmf/tex/generic/pgf/basiclayer/pgfcorepathconstruct.code.tex
File: pgfcorepathconstruct.code.tex 2013/10/07  (rcs-revision 1.29)
\pgf@path@lastx=\dimen139
\pgf@path@lasty=\dimen140
) (/home/xehivs/texmf/tex/generic/pgf/basiclayer/pgfcorepathusage.code.tex
File: pgfcorepathusage.code.tex 2014/11/02  (rcs-revision 1.24)
\pgf@shorten@end@additional=\dimen141
\pgf@shorten@start@additional=\dimen142
) (/home/xehivs/texmf/tex/generic/pgf/basiclayer/pgfcorescopes.code.tex
File: pgfcorescopes.code.tex 2015/05/08  (rcs-revision 1.46)
\pgfpic=\box28
\pgf@hbox=\box29
\pgf@layerbox@main=\box30
\pgf@picture@serial@count=\count108
) (/home/xehivs/texmf/tex/generic/pgf/basiclayer/pgfcoregraphicstate.code.tex
File: pgfcoregraphicstate.code.tex 2014/11/02  (rcs-revision 1.12)
\pgflinewidth=\dimen143
) (/home/xehivs/texmf/tex/generic/pgf/basiclayer/pgfcoretransformations.code.tex
File: pgfcoretransformations.code.tex 2015/08/07  (rcs-revision 1.20)
\pgf@pt@x=\dimen144
\pgf@pt@y=\dimen145
\pgf@pt@temp=\dimen146
) (/home/xehivs/texmf/tex/generic/pgf/basiclayer/pgfcorequick.code.tex
File: pgfcorequick.code.tex 2008/10/09  (rcs-revision 1.3)
) (/home/xehivs/texmf/tex/generic/pgf/basiclayer/pgfcoreobjects.code.tex
File: pgfcoreobjects.code.tex 2006/10/11  (rcs-revision 1.2)
)
(/home/xehivs/texmf/tex/generic/pgf/basiclayer/pgfcorepathprocessing.code.tex
File: pgfcorepathprocessing.code.tex 2013/09/09  (rcs-revision 1.9)
) (/home/xehivs/texmf/tex/generic/pgf/basiclayer/pgfcorearrows.code.tex
File: pgfcorearrows.code.tex 2015/05/14  (rcs-revision 1.43)
\pgfarrowsep=\dimen147
) (/home/xehivs/texmf/tex/generic/pgf/basiclayer/pgfcoreshade.code.tex
File: pgfcoreshade.code.tex 2013/07/15  (rcs-revision 1.15)
\pgf@max=\dimen148
\pgf@sys@shading@range@num=\count109
) (/home/xehivs/texmf/tex/generic/pgf/basiclayer/pgfcoreimage.code.tex
File: pgfcoreimage.code.tex 2013/07/15  (rcs-revision 1.18)
 (/home/xehivs/texmf/tex/generic/pgf/basiclayer/pgfcoreexternal.code.tex
File: pgfcoreexternal.code.tex 2014/07/09  (rcs-revision 1.21)
\pgfexternal@startupbox=\box31
)) (/home/xehivs/texmf/tex/generic/pgf/basiclayer/pgfcorelayers.code.tex
File: pgfcorelayers.code.tex 2013/07/18  (rcs-revision 1.7)
) (/home/xehivs/texmf/tex/generic/pgf/basiclayer/pgfcoretransparency.code.tex
File: pgfcoretransparency.code.tex 2013/09/30  (rcs-revision 1.5)
) (/home/xehivs/texmf/tex/generic/pgf/basiclayer/pgfcorepatterns.code.tex
File: pgfcorepatterns.code.tex 2013/11/07  (rcs-revision 1.5)
))) (/home/xehivs/texmf/tex/generic/pgf/modules/pgfmoduleshapes.code.tex
File: pgfmoduleshapes.code.tex 2014/03/21  (rcs-revision 1.35)
\pgfnodeparttextbox=\box32
) (/home/xehivs/texmf/tex/generic/pgf/modules/pgfmoduleplot.code.tex
File: pgfmoduleplot.code.tex 2015/08/03  (rcs-revision 1.13)
) (/home/xehivs/texmf/tex/latex/pgf/compatibility/pgfcomp-version-0-65.sty
Package: pgfcomp-version-0-65 2007/07/03 v3.0.1a (rcs-revision 1.7)
\pgf@nodesepstart=\dimen149
\pgf@nodesepend=\dimen150
) (/home/xehivs/texmf/tex/latex/pgf/compatibility/pgfcomp-version-1-18.sty
Package: pgfcomp-version-1-18 2007/07/23 v3.0.1a (rcs-revision 1.1)
)) (/home/xehivs/texmf/tex/latex/pgf/utilities/pgffor.sty (/home/xehivs/texmf/tex/latex/pgf/math/pgfmath.sty
(/home/xehivs/texmf/tex/generic/pgf/math/pgfmath.code.tex)) (/home/xehivs/texmf/tex/generic/pgf/utilities/pgffor.code.tex
Package: pgffor 2013/12/13 v3.0.1a (rcs-revision 1.25)
 (/home/xehivs/texmf/tex/generic/pgf/math/pgfmath.code.tex)
\pgffor@iter=\dimen151
\pgffor@skip=\dimen152
\pgffor@stack=\toks25
\pgffor@toks=\toks26
)) (/home/xehivs/texmf/tex/generic/pgf/frontendlayer/tikz/tikz.code.tex
Package: tikz 2015/08/07 v3.0.1a (rcs-revision 1.151)
 (/home/xehivs/texmf/tex/generic/pgf/libraries/pgflibraryplothandlers.code.tex
File: pgflibraryplothandlers.code.tex 2013/08/31 v3.0.1a (rcs-revision 1.20)
\pgf@plot@mark@count=\count110
\pgfplotmarksize=\dimen153
)
\tikz@lastx=\dimen154
\tikz@lasty=\dimen155
\tikz@lastxsaved=\dimen156
\tikz@lastysaved=\dimen157
\tikzleveldistance=\dimen158
\tikzsiblingdistance=\dimen159
\tikz@figbox=\box33
\tikz@figbox@bg=\box34
\tikz@tempbox=\box35
\tikz@tempbox@bg=\box36
\tikztreelevel=\count111
\tikznumberofchildren=\count112
\tikznumberofcurrentchild=\count113
\tikz@fig@count=\count114
 (/home/xehivs/texmf/tex/generic/pgf/modules/pgfmodulematrix.code.tex
File: pgfmodulematrix.code.tex 2013/09/17  (rcs-revision 1.8)
\pgfmatrixcurrentrow=\count115
\pgfmatrixcurrentcolumn=\count116
\pgf@matrix@numberofcolumns=\count117
)
\tikz@expandcount=\count118
 (/home/xehivs/texmf/tex/generic/pgf/frontendlayer/tikz/libraries/tikzlibrarytopaths.code.tex
File: tikzlibrarytopaths.code.tex 2008/06/17 v3.0.1a (rcs-revision 1.2)
))) (/home/xehivs/texmf/tex/latex/merriweather/merriweather.sty
Package: merriweather 2014/01/22 (Bob Tennent) Supports Merriweather(Sans) fonts for all LaTeX engines. 
 (/usr/share/texlive/texmf-dist/tex/generic/ifxetex/ifxetex.sty
Package: ifxetex 2010/09/12 v0.6 Provides ifxetex conditional
) (/usr/share/texlive/texmf-dist/tex/generic/oberdiek/ifluatex.sty
Package: ifluatex 2016/05/16 v1.4 Provides the ifluatex switch (HO)
Package ifluatex Info: LuaTeX not detected.
) (/usr/share/texlive/texmf-dist/tex/latex/base/textcomp.sty
Package: textcomp 2017/02/22 v2.0g Standard LaTeX package
Package textcomp Info: Sub-encoding information:
(textcomp)               5 = only ISO-Adobe without \textcurrency
(textcomp)               4 = 5 + \texteuro
(textcomp)               3 = 4 + \textohm
(textcomp)               2 = 3 + \textestimated + \textcurrency
(textcomp)               1 = TS1 - \textcircled - \t
(textcomp)               0 = TS1 (full)
(textcomp)             Font families with sub-encoding setting implement
(textcomp)             only a restricted character set as indicated.
(textcomp)             Family '?' is the default used for unknown fonts.
(textcomp)             See the documentation for details.
Package textcomp Info: Setting ? sub-encoding to TS1/1 on input line 79.
 (/usr/share/texlive/texmf-dist/tex/latex/base/ts1enc.def
File: ts1enc.def 2001/06/05 v3.0e (jk/car/fm) Standard LaTeX file
)
LaTeX Info: Redefining \oldstylenums on input line 334.
Package textcomp Info: Setting cmr sub-encoding to TS1/0 on input line 349.
Package textcomp Info: Setting cmss sub-encoding to TS1/0 on input line 350.
Package textcomp Info: Setting cmtt sub-encoding to TS1/0 on input line 351.
Package textcomp Info: Setting cmvtt sub-encoding to TS1/0 on input line 352.
Package textcomp Info: Setting cmbr sub-encoding to TS1/0 on input line 353.
Package textcomp Info: Setting cmtl sub-encoding to TS1/0 on input line 354.
Package textcomp Info: Setting ccr sub-encoding to TS1/0 on input line 355.
Package textcomp Info: Setting ptm sub-encoding to TS1/4 on input line 356.
Package textcomp Info: Setting pcr sub-encoding to TS1/4 on input line 357.
Package textcomp Info: Setting phv sub-encoding to TS1/4 on input line 358.
Package textcomp Info: Setting ppl sub-encoding to TS1/3 on input line 359.
Package textcomp Info: Setting pag sub-encoding to TS1/4 on input line 360.
Package textcomp Info: Setting pbk sub-encoding to TS1/4 on input line 361.
Package textcomp Info: Setting pnc sub-encoding to TS1/4 on input line 362.
Package textcomp Info: Setting pzc sub-encoding to TS1/4 on input line 363.
Package textcomp Info: Setting bch sub-encoding to TS1/4 on input line 364.
Package textcomp Info: Setting put sub-encoding to TS1/5 on input line 365.
Package textcomp Info: Setting uag sub-encoding to TS1/5 on input line 366.
Package textcomp Info: Setting ugq sub-encoding to TS1/5 on input line 367.
Package textcomp Info: Setting ul8 sub-encoding to TS1/4 on input line 368.
Package textcomp Info: Setting ul9 sub-encoding to TS1/4 on input line 369.
Package textcomp Info: Setting augie sub-encoding to TS1/5 on input line 370.
Package textcomp Info: Setting dayrom sub-encoding to TS1/3 on input line 371.
Package textcomp Info: Setting dayroms sub-encoding to TS1/3 on input line 372.
Package textcomp Info: Setting pxr sub-encoding to TS1/0 on input line 373.
Package textcomp Info: Setting pxss sub-encoding to TS1/0 on input line 374.
Package textcomp Info: Setting pxtt sub-encoding to TS1/0 on input line 375.
Package textcomp Info: Setting txr sub-encoding to TS1/0 on input line 376.
Package textcomp Info: Setting txss sub-encoding to TS1/0 on input line 377.
Package textcomp Info: Setting txtt sub-encoding to TS1/0 on input line 378.
Package textcomp Info: Setting lmr sub-encoding to TS1/0 on input line 379.
Package textcomp Info: Setting lmdh sub-encoding to TS1/0 on input line 380.
Package textcomp Info: Setting lmss sub-encoding to TS1/0 on input line 381.
Package textcomp Info: Setting lmssq sub-encoding to TS1/0 on input line 382.
Package textcomp Info: Setting lmvtt sub-encoding to TS1/0 on input line 383.
Package textcomp Info: Setting lmtt sub-encoding to TS1/0 on input line 384.
Package textcomp Info: Setting qhv sub-encoding to TS1/0 on input line 385.
Package textcomp Info: Setting qag sub-encoding to TS1/0 on input line 386.
Package textcomp Info: Setting qbk sub-encoding to TS1/0 on input line 387.
Package textcomp Info: Setting qcr sub-encoding to TS1/0 on input line 388.
Package textcomp Info: Setting qcs sub-encoding to TS1/0 on input line 389.
Package textcomp Info: Setting qpl sub-encoding to TS1/0 on input line 390.
Package textcomp Info: Setting qtm sub-encoding to TS1/0 on input line 391.
Package textcomp Info: Setting qzc sub-encoding to TS1/0 on input line 392.
Package textcomp Info: Setting qhvc sub-encoding to TS1/0 on input line 393.
Package textcomp Info: Setting futs sub-encoding to TS1/4 on input line 394.
Package textcomp Info: Setting futx sub-encoding to TS1/4 on input line 395.
Package textcomp Info: Setting futj sub-encoding to TS1/4 on input line 396.
Package textcomp Info: Setting hlh sub-encoding to TS1/3 on input line 397.
Package textcomp Info: Setting hls sub-encoding to TS1/3 on input line 398.
Package textcomp Info: Setting hlst sub-encoding to TS1/3 on input line 399.
Package textcomp Info: Setting hlct sub-encoding to TS1/5 on input line 400.
Package textcomp Info: Setting hlx sub-encoding to TS1/5 on input line 401.
Package textcomp Info: Setting hlce sub-encoding to TS1/5 on input line 402.
Package textcomp Info: Setting hlcn sub-encoding to TS1/5 on input line 403.
Package textcomp Info: Setting hlcw sub-encoding to TS1/5 on input line 404.
Package textcomp Info: Setting hlcf sub-encoding to TS1/5 on input line 405.
Package textcomp Info: Setting pplx sub-encoding to TS1/3 on input line 406.
Package textcomp Info: Setting pplj sub-encoding to TS1/3 on input line 407.
Package textcomp Info: Setting ptmx sub-encoding to TS1/4 on input line 408.
Package textcomp Info: Setting ptmj sub-encoding to TS1/4 on input line 409.
) (/usr/share/texlive/texmf-dist/tex/latex/xkeyval/xkeyval.sty
Package: xkeyval 2014/12/03 v2.7a package option processing (HA)
 (/usr/share/texlive/texmf-dist/tex/generic/xkeyval/xkeyval.tex (/usr/share/texlive/texmf-dist/tex/generic/xkeyval/xkvutils.tex
\XKV@toks=\toks27
\XKV@tempa@toks=\toks28
)
\XKV@depth=\count119
File: xkeyval.tex 2014/12/03 v2.7a key=value parser (HA)
))
(/usr/share/texlive/texmf-dist/tex/latex/base/fontenc.sty
Package: fontenc 2017/02/22 v2.0g Standard LaTeX package
) (/home/xehivs/texmf/tex/latex/fontaxes/fontaxes.sty
Package: fontaxes 2014/03/23 v1.0d Font selection axes
LaTeX Info: Redefining \upshape on input line 29.
LaTeX Info: Redefining \itshape on input line 31.
LaTeX Info: Redefining \slshape on input line 33.
LaTeX Info: Redefining \scshape on input line 37.
) (/home/xehivs/texmf/tex/latex/mweights/mweights.sty
Package: mweights 2017/03/30 (Bob Tennent) Support package for multiple-weight font packages. 
LaTeX Info: Redefining \bfseries on input line 22.
LaTeX Info: Redefining \mdseries on input line 30.
LaTeX Info: Redefining \rmfamily on input line 38.
LaTeX Info: Redefining \sffamily on input line 66.
LaTeX Info: Redefining \ttfamily on input line 94.
)) (/usr/share/texlive/texmf-dist/tex/latex/base/fontenc.sty
Package: fontenc 2017/02/22 v2.0g Standard LaTeX package
 (/usr/share/texlive/texmf-dist/tex/latex/base/t1enc.def
File: t1enc.def 2017/02/22 v2.0g Standard LaTeX file
LaTeX Font Info:    Redeclaring font encoding T1 on input line 48.
)) (/home/xehivs/dev/idendifiers/certificates.aux)
\openout1 = `certificates.aux'.

LaTeX Font Info:    Checking defaults for OML/cmm/m/it on input line 59.
LaTeX Font Info:    ... okay on input line 59.
LaTeX Font Info:    Checking defaults for T1/cmr/m/n on input line 59.
LaTeX Font Info:    ... okay on input line 59.
LaTeX Font Info:    Checking defaults for OT1/cmr/m/n on input line 59.
LaTeX Font Info:    ... okay on input line 59.
LaTeX Font Info:    Checking defaults for OMS/cmsy/m/n on input line 59.
LaTeX Font Info:    ... okay on input line 59.
LaTeX Font Info:    Checking defaults for OMX/cmex/m/n on input line 59.
LaTeX Font Info:    ... okay on input line 59.
LaTeX Font Info:    Checking defaults for U/cmr/m/n on input line 59.
LaTeX Font Info:    ... okay on input line 59.
LaTeX Font Info:    Checking defaults for TS1/cmr/m/n on input line 59.
LaTeX Font Info:    Try loading font information for TS1+cmr on input line 59.
 (/usr/share/texlive/texmf-dist/tex/latex/base/ts1cmr.fd
File: ts1cmr.fd 2014/09/29 v2.5h Standard LaTeX font definitions
)
LaTeX Font Info:    ... okay on input line 59.
LaTeX Font Info:    Try loading font information for T1+Merriweather-OsF on input line 59.
 (/home/xehivs/texmf/tex/latex/merriweather/T1Merriweather-OsF.fd
File: T1Merriweather-OsF.fd 2014/01/22 (autoinst) Font definitions for T1/Merriweather-OsF.
)
LaTeX Font Info:    Font shape `T1/Merriweather-OsF/m/n' will be
(Font)              scaled to size 10.0pt on input line 59.
 (/usr/share/texlive/texmf-dist/tex/context/base/mkii/supp-pdf.mkii
[Loading MPS to PDF converter (version 2006.09.02).]
\scratchcounter=\count120
\scratchdimen=\dimen160
\scratchbox=\box37
\nofMPsegments=\count121
\nofMParguments=\count122
\everyMPshowfont=\toks29
\MPscratchCnt=\count123
\MPscratchDim=\dimen161
\MPnumerator=\count124
\makeMPintoPDFobject=\count125
\everyMPtoPDFconversion=\toks30
) (/usr/share/texlive/texmf-dist/tex/generic/oberdiek/pdftexcmds.sty
Package: pdftexcmds 2016/05/21 v0.22 Utility functions of pdfTeX for LuaTeX (HO)
 (/usr/share/texlive/texmf-dist/tex/generic/oberdiek/ifpdf.sty
Package: ifpdf 2016/05/14 v3.1 Provides the ifpdf switch
)
Package pdftexcmds Info: LuaTeX not detected.
Package pdftexcmds Info: \pdf@primitive is available.
Package pdftexcmds Info: \pdf@ifprimitive is available.
Package pdftexcmds Info: \pdfdraftmode found.
) (/usr/share/texlive/texmf-dist/tex/latex/oberdiek/epstopdf-base.sty
Package: epstopdf-base 2016/05/15 v2.6 Base part for package epstopdf
 (/usr/share/texlive/texmf-dist/tex/latex/oberdiek/grfext.sty
Package: grfext 2016/05/16 v1.2 Manage graphics extensions (HO)
 (/usr/share/texlive/texmf-dist/tex/generic/oberdiek/kvdefinekeys.sty
Package: kvdefinekeys 2016/05/16 v1.4 Define keys (HO)
)) (/usr/share/texlive/texmf-dist/tex/latex/oberdiek/kvoptions.sty
Package: kvoptions 2016/05/16 v3.12 Key value format for package options (HO)
 (/usr/share/texlive/texmf-dist/tex/generic/oberdiek/kvsetkeys.sty
Package: kvsetkeys 2016/05/16 v1.17 Key value parser (HO)
 (/usr/share/texlive/texmf-dist/tex/generic/oberdiek/etexcmds.sty
Package: etexcmds 2016/05/16 v1.6 Avoid name clashes with e-TeX commands (HO)
Package etexcmds Info: Could not find \expanded.
(etexcmds)             That can mean that you are not using pdfTeX 1.50 or
(etexcmds)             that some package has redefined \expanded.
(etexcmds)             In the latter case, load this package earlier.
)))
Package epstopdf-base Info: Redefining graphics rule for `.eps' on input line 438.
Package grfext Info: Graphics extension search list:
(grfext)             [.png,.pdf,.jpg,.mps,.jpeg,.jbig2,.jb2,.PNG,.PDF,.JPG,.JPEG,.JBIG2,.JB2,.eps]
(grfext)             \AppendGraphicsExtensions on input line 456.
 (/usr/share/texlive/texmf-dist/tex/latex/latexconfig/epstopdf-sys.cfg
File: epstopdf-sys.cfg 2010/07/13 v1.3 Configuration of (r)epstopdf for TeX Live
)) ABD: EveryShipout initializing macros
\c@mv@tabular=\count126
\c@mv@boldtabular=\count127
LaTeX Font Info:    Try loading font information for T1+MerriweatherSans-TLF on input line 61.
 (/home/xehivs/texmf/tex/latex/merriweather/T1MerriweatherSans-TLF.fd
File: T1MerriweatherSans-TLF.fd 2014/01/22 (autoinst) Font definitions for T1/MerriweatherSans-TLF.
)
LaTeX Font Info:    Font shape `T1/MerriweatherSans-TLF/m/n' will be
(Font)              scaled to size 10.0pt on input line 61.
 <pwrc.png, id=4, 506.8536pt x 108.405pt>
File: pwrc.png Graphic file (type png)
 <use pwrc.png>
Package pdftex.def Info: pwrc.png used on input line 61.
(pdftex.def)             Requested size: 227.62204pt x 48.68419pt.
 <dmu.png, id=6, 1204.5pt x 517.935pt>
File: dmu.png Graphic file (type png)
 <use dmu.png>
Package pdftex.def Info: dmu.png used on input line 61.
(pdftex.def)             Requested size: 170.71652pt x 73.40344pt.
LaTeX Font Info:    Font shape `T1/MerriweatherSans-TLF/eb/n' will be
(Font)              scaled to size 10.0pt on input line 61.
LaTeX Font Info:    Font shape `T1/MerriweatherSans-TLF/eb/n' will be
(Font)              scaled to size 50.0pt on input line 61.
LaTeX Font Info:    Font shape `T1/Merriweather-OsF/m/n' will be
(Font)              scaled to size 24.88pt on input line 61.
LaTeX Font Info:    Font shape `T1/MerriweatherSans-TLF/eb/n' will be
(Font)              scaled to size 12.0pt on input line 61.
LaTeX Font Info:    External font `cmex10' loaded for size
(Font)              <12> on input line 61.
LaTeX Font Info:    External font `cmex10' loaded for size
(Font)              <8> on input line 61.
LaTeX Font Info:    External font `cmex10' loaded for size
(Font)              <6> on input line 61.
LaTeX Font Info:    Font shape `T1/MerriweatherSans-TLF/eb/n' will be
(Font)              scaled to size 8.0pt on input line 61.
LaTeX Font Info:    Font shape `T1/MerriweatherSans-TLF/eb/n' will be
(Font)              scaled to size 20.74pt on input line 61.
LaTeX Font Info:    Font shape `T1/MerriweatherSans-TLF/m/n' will be
(Font)              scaled to size 12.0pt on input line 61.
LaTeX Font Info:    Font shape `T1/MerriweatherSans-TLF/m/it' will be
(Font)              scaled to size 12.0pt on input line 61.
LaTeX Font Info:    Font shape `T1/Merriweather-OsF/m/it' will be
(Font)              scaled to size 10.0pt on input line 61.
LaTeX Font Info:    Font shape `T1/Merriweather-OsF/m/it' will be
(Font)              scaled to size 40.0pt on input line 61.
 [1

{/home/xehivs/.texlive2016/texmf-var/fonts/map/pdftex/updmap/pdftex.map} </home/xehivs/dev/idendifiers/pwrc.png> </home/xehivs/dev/idendifiers/dmu.png>]
File: pwrc.png Graphic file (type png)
 <use pwrc.png>
Package pdftex.def Info: pwrc.png used on input line 61.
(pdftex.def)             Requested size: 227.62204pt x 48.68419pt.
File: dmu.png Graphic file (type png)

<use dmu.png>
Package pdftex.def Info: dmu.png used on input line 61.
(pdftex.def)             Requested size: 170.71652pt x 73.40344pt.
 [2]
File: pwrc.png Graphic file (type png)
 <use pwrc.png>
Package pdftex.def Info: pwrc.png used on input line 61.
(pdftex.def)             Requested size: 227.62204pt x 48.68419pt.
File: dmu.png Graphic file (type png)
 <use dmu.png>
Package pdftex.def Info: dmu.png used on input line 61.
(pdftex.def)             Requested size: 170.71652pt x 73.40344pt.
 [3]
File: pwrc.png Graphic file (type png)
 <use pwrc.png>
Package pdftex.def Info: pwrc.png used on input line 61.
(pdftex.def)             Requested size: 227.62204pt x 48.68419pt.
File: dmu.png Graphic file (type png)
 <use dmu.png>
Package pdftex.def Info: dmu.png used on input line 61.
(pdftex.def)             Requested size: 170.71652pt x 73.40344pt.
 [4]
File: pwrc.png Graphic file (type png)
 <use pwrc.png>
Package pdftex.def Info: pwrc.png used on input line 61.
(pdftex.def)             Requested size: 227.62204pt x 48.68419pt.
File: dmu.png Graphic file (type png)
 <use dmu.png>
Package pdftex.def Info: dmu.png used on input line 61.
(pdftex.def)             Requested size: 170.71652pt x 73.40344pt.
 [5]
File: pwrc.png Graphic file (type png)
 <use pwrc.png>
Package pdftex.def Info: pwrc.png used on input line 61.
(pdftex.def)             Requested size: 227.62204pt x 48.68419pt.
File: dmu.png Graphic file (type png)
 <use dmu.png>
Package pdftex.def Info: dmu.png used on input line 61.
(pdftex.def)             Requested size: 170.71652pt x 73.40344pt.
 [6]
File: pwrc.png Graphic file (type png)
 <use pwrc.png>
Package pdftex.def Info: pwrc.png used on input line 61.
(pdftex.def)             Requested size: 227.62204pt x 48.68419pt.
File: dmu.png Graphic file (type png)
 <use dmu.png>
Package pdftex.def Info: dmu.png used on input line 61.
(pdftex.def)             Requested size: 170.71652pt x 73.40344pt.
 [7]
File: pwrc.png Graphic file (type png)
 <use pwrc.png>
Package pdftex.def Info: pwrc.png used on input line 61.
(pdftex.def)             Requested size: 227.62204pt x 48.68419pt.
File: dmu.png Graphic file (type png)
 <use dmu.png>
Package pdftex.def Info: dmu.png used on input line 61.
(pdftex.def)             Requested size: 170.71652pt x 73.40344pt.
 [8]
File: pwrc.png Graphic file (type png)
 <use pwrc.png>
Package pdftex.def Info: pwrc.png used on input line 61.
(pdftex.def)             Requested size: 227.62204pt x 48.68419pt.
File: dmu.png Graphic file (type png)
 <use dmu.png>
Package pdftex.def Info: dmu.png used on input line 61.
(pdftex.def)             Requested size: 170.71652pt x 73.40344pt.
 [9]
File: pwrc.png Graphic file (type png)
 <use pwrc.png>
Package pdftex.def Info: pwrc.png used on input line 61.
(pdftex.def)             Requested size: 227.62204pt x 48.68419pt.
File: dmu.png Graphic file (type png)
 <use dmu.png>
Package pdftex.def Info: dmu.png used on input line 61.
(pdftex.def)             Requested size: 170.71652pt x 73.40344pt.
 [10]
File: pwrc.png Graphic file (type png)
 <use pwrc.png>
Package pdftex.def Info: pwrc.png used on input line 61.
(pdftex.def)             Requested size: 227.62204pt x 48.68419pt.
File: dmu.png Graphic file (type png)
 <use dmu.png>
Package pdftex.def Info: dmu.png used on input line 61.
(pdftex.def)             Requested size: 170.71652pt x 73.40344pt.
 [11]
File: pwrc.png Graphic file (type png)
 <use pwrc.png>
Package pdftex.def Info: pwrc.png used on input line 61.
(pdftex.def)             Requested size: 227.62204pt x 48.68419pt.
File: dmu.png Graphic file (type png)
 <use dmu.png>
Package pdftex.def Info: dmu.png used on input line 61.
(pdftex.def)             Requested size: 170.71652pt x 73.40344pt.
 [12]
File: pwrc.png Graphic file (type png)
 <use pwrc.png>
Package pdftex.def Info: pwrc.png used on input line 61.
(pdftex.def)             Requested size: 227.62204pt x 48.68419pt.
File: dmu.png Graphic file (type png)
 <use dmu.png>
Package pdftex.def Info: dmu.png used on input line 61.
(pdftex.def)             Requested size: 170.71652pt x 73.40344pt.
 [13]
File: pwrc.png Graphic file (type png)
 <use pwrc.png>
Package pdftex.def Info: pwrc.png used on input line 61.
(pdftex.def)             Requested size: 227.62204pt x 48.68419pt.
File: dmu.png Graphic file (type png)
 <use dmu.png>
Package pdftex.def Info: dmu.png used on input line 61.
(pdftex.def)             Requested size: 170.71652pt x 73.40344pt.
 [14]
File: pwrc.png Graphic file (type png)
 <use pwrc.png>
Package pdftex.def Info: pwrc.png used on input line 61.
(pdftex.def)             Requested size: 227.62204pt x 48.68419pt.
File: dmu.png Graphic file (type png)
 <use dmu.png>
Package pdftex.def Info: dmu.png used on input line 61.
(pdftex.def)             Requested size: 170.71652pt x 73.40344pt.
 [15]
File: pwrc.png Graphic file (type png)
 <use pwrc.png>
Package pdftex.def Info: pwrc.png used on input line 61.
(pdftex.def)             Requested size: 227.62204pt x 48.68419pt.
File: dmu.png Graphic file (type png)
 <use dmu.png>
Package pdftex.def Info: dmu.png used on input line 61.
(pdftex.def)             Requested size: 170.71652pt x 73.40344pt.
 [16]
File: pwrc.png Graphic file (type png)
 <use pwrc.png>
Package pdftex.def Info: pwrc.png used on input line 61.
(pdftex.def)             Requested size: 227.62204pt x 48.68419pt.
File: dmu.png Graphic file (type png)
 <use dmu.png>
Package pdftex.def Info: dmu.png used on input line 61.
(pdftex.def)             Requested size: 170.71652pt x 73.40344pt.
 [17]
File: pwrc.png Graphic file (type png)
 <use pwrc.png>
Package pdftex.def Info: pwrc.png used on input line 61.
(pdftex.def)             Requested size: 227.62204pt x 48.68419pt.
File: dmu.png Graphic file (type png)
 <use dmu.png>
Package pdftex.def Info: dmu.png used on input line 61.
(pdftex.def)             Requested size: 170.71652pt x 73.40344pt.
 [18]
File: pwrc.png Graphic file (type png)
 <use pwrc.png>
Package pdftex.def Info: pwrc.png used on input line 61.
(pdftex.def)             Requested size: 227.62204pt x 48.68419pt.
File: dmu.png Graphic file (type png)
 <use dmu.png>
Package pdftex.def Info: dmu.png used on input line 61.
(pdftex.def)             Requested size: 170.71652pt x 73.40344pt.
 [19]
File: pwrc.png Graphic file (type png)
 <use pwrc.png>
Package pdftex.def Info: pwrc.png used on input line 61.
(pdftex.def)             Requested size: 227.62204pt x 48.68419pt.
File: dmu.png Graphic file (type png)
 <use dmu.png>
Package pdftex.def Info: dmu.png used on input line 61.
(pdftex.def)             Requested size: 170.71652pt x 73.40344pt.
 [20]
File: pwrc.png Graphic file (type png)
 <use pwrc.png>
Package pdftex.def Info: pwrc.png used on input line 61.
(pdftex.def)             Requested size: 227.62204pt x 48.68419pt.
File: dmu.png Graphic file (type png)
 <use dmu.png>
Package pdftex.def Info: dmu.png used on input line 61.
(pdftex.def)             Requested size: 170.71652pt x 73.40344pt.
 [21]
File: pwrc.png Graphic file (type png)
 <use pwrc.png>
Package pdftex.def Info: pwrc.png used on input line 61.
(pdftex.def)             Requested size: 227.62204pt x 48.68419pt.
File: dmu.png Graphic file (type png)
 <use dmu.png>
Package pdftex.def Info: dmu.png used on input line 61.
(pdftex.def)             Requested size: 170.71652pt x 73.40344pt.
 [22]
File: pwrc.png Graphic file (type png)
 <use pwrc.png>
Package pdftex.def Info: pwrc.png used on input line 61.
(pdftex.def)             Requested size: 227.62204pt x 48.68419pt.
File: dmu.png Graphic file (type png)
 <use dmu.png>
Package pdftex.def Info: dmu.png used on input line 61.
(pdftex.def)             Requested size: 170.71652pt x 73.40344pt.
 [23]
File: pwrc.png Graphic file (type png)
 <use pwrc.png>
Package pdftex.def Info: pwrc.png used on input line 61.
(pdftex.def)             Requested size: 227.62204pt x 48.68419pt.
File: dmu.png Graphic file (type png)
 <use dmu.png>
Package pdftex.def Info: dmu.png used on input line 61.
(pdftex.def)             Requested size: 170.71652pt x 73.40344pt.
 [24]
File: pwrc.png Graphic file (type png)
 <use pwrc.png>
Package pdftex.def Info: pwrc.png used on input line 61.
(pdftex.def)             Requested size: 227.62204pt x 48.68419pt.
File: dmu.png Graphic file (type png)
 <use dmu.png>
Package pdftex.def Info: dmu.png used on input line 61.
(pdftex.def)             Requested size: 170.71652pt x 73.40344pt.
 [25]
File: pwrc.png Graphic file (type png)
 <use pwrc.png>
Package pdftex.def Info: pwrc.png used on input line 61.
(pdftex.def)             Requested size: 227.62204pt x 48.68419pt.
File: dmu.png Graphic file (type png)
 <use dmu.png>
Package pdftex.def Info: dmu.png used on input line 61.
(pdftex.def)             Requested size: 170.71652pt x 73.40344pt.
 [26]
File: pwrc.png Graphic file (type png)
 <use pwrc.png>
Package pdftex.def Info: pwrc.png used on input line 61.
(pdftex.def)             Requested size: 227.62204pt x 48.68419pt.
File: dmu.png Graphic file (type png)
 <use dmu.png>
Package pdftex.def Info: dmu.png used on input line 61.
(pdftex.def)             Requested size: 170.71652pt x 73.40344pt.
 [27]
File: pwrc.png Graphic file (type png)
 <use pwrc.png>
Package pdftex.def Info: pwrc.png used on input line 61.
(pdftex.def)             Requested size: 227.62204pt x 48.68419pt.
File: dmu.png Graphic file (type png)
 <use dmu.png>
Package pdftex.def Info: dmu.png used on input line 61.
(pdftex.def)             Requested size: 170.71652pt x 73.40344pt.
 [28]
File: pwrc.png Graphic file (type png)
 <use pwrc.png>
Package pdftex.def Info: pwrc.png used on input line 61.
(pdftex.def)             Requested size: 227.62204pt x 48.68419pt.
File: dmu.png Graphic file (type png)
 <use dmu.png>
Package pdftex.def Info: dmu.png used on input line 61.
(pdftex.def)             Requested size: 170.71652pt x 73.40344pt.
 [29]
File: pwrc.png Graphic file (type png)
 <use pwrc.png>
Package pdftex.def Info: pwrc.png used on input line 61.
(pdftex.def)             Requested size: 227.62204pt x 48.68419pt.
File: dmu.png Graphic file (type png)
 <use dmu.png>
Package pdftex.def Info: dmu.png used on input line 61.
(pdftex.def)             Requested size: 170.71652pt x 73.40344pt.
 [30]
File: pwrc.png Graphic file (type png)
 <use pwrc.png>
Package pdftex.def Info: pwrc.png used on input line 61.
(pdftex.def)             Requested size: 227.62204pt x 48.68419pt.
File: dmu.png Graphic file (type png)
 <use dmu.png>
Package pdftex.def Info: dmu.png used on input line 61.
(pdftex.def)             Requested size: 170.71652pt x 73.40344pt.
 [31]
File: pwrc.png Graphic file (type png)

<use pwrc.png>
Package pdftex.def Info: pwrc.png used on input line 61.
(pdftex.def)             Requested size: 227.62204pt x 48.68419pt.
File: dmu.png Graphic file (type png)
 <use dmu.png>
Package pdftex.def Info: dmu.png used on input line 61.
(pdftex.def)             Requested size: 170.71652pt x 73.40344pt.
 [32] (/home/xehivs/dev/idendifiers/certificates.aux) ) 
Here is how much of TeX's memory you used:
 13593 strings out of 494945
 270182 string characters out of 6181032
 291844 words of memory out of 5000000
 16592 multiletter control sequences out of 15000+600000
 15716 words of font info for 43 fonts, out of 8000000 for 9000
 14 hyphenation exceptions out of 8191
 54i,9n,54p,799b,291s stack positions out of 5000i,500n,10000p,200000b,80000s
{/home/xehivs/texmf/fonts/enc/dvips/merriweather/mwth_jnnjab.enc}{/home/xehivs/texmf/fonts/enc/dvips/merriweather/mwth_libw2m.enc}</home/xehivs/texmf/fonts/type1/sorkin/merriweather/Merriweather-Italic.pfb></home/xehivs/texmf/fonts/type1/sorkin/merriweather/Merriweather-Regular.pfb></home/xehivs/texmf/fonts/type1/sorkin/merriweather/MerriweatherSans-ExtraBold.pfb></home/xehivs/texmf/fonts/type1/sorkin/merriweather/MerriweatherSans-Italic.pfb>
Output written on /home/xehivs/dev/idendifiers/certificates.pdf (32 pages, 172935 bytes).
PDF statistics:
 133 PDF objects out of 1000 (max. 8388607)
 90 compressed objects within 1 object stream
 0 named destinations out of 1000 (max. 500000)
 23 words of extra memory for PDF output out of 10000 (max. 10000000)

